Watching for file changes with StatReloader
Not Found: /api/students/dashboard/
[06/Jul/2026 09:02:06] "GET /api/students/dashboard/ HTTP/1.1" 404 23
Not Found: /api/students/dashboard/
[06/Jul/2026 09:02:06] "GET /api/students/dashboard/ HTTP/1.1" 404 23
[06/Jul/2026 09:02:12] "GET /api/students/?page=1 HTTP/1.1" 200 52
[06/Jul/2026 09:02:13] "GET /api/students/?page=1 HTTP/1.1" 200 52
Not Found: /api/students/dashboard/
[06/Jul/2026 09:02:34] "GET /api/students/dashboard/ HTTP/1.1" 404 23
Not Found: /api/students/dashboard/
[06/Jul/2026 09:02:34] "GET /api/students/dashboard/ HTTP/1.1" 404 23
[06/Jul/2026 09:02:36] "GET /api/students/?page=1 HTTP/1.1" 200 52
[06/Jul/2026 09:02:36] "GET /api/students/?page=1 HTTP/1.1" 200 52
Not Found: /api/students/dashboard/
[06/Jul/2026 09:02:38] "GET /api/students/dashboard/ HTTP/1.1" 404 23
Not Found: /api/students/dashboard/
[06/Jul/2026 09:02:38] "GET /api/students/dashboard/ HTTP/1.1" 404 23
[06/Jul/2026 09:11:01] "POST /api/students/ HTTP/1.1" 201 612
Not Found: /api/students/undefined/profile/
[06/Jul/2026 09:11:03] "GET /api/students/undefined/profile/ HTTP/1.1" 404 23
Not Found: /api/students/undefined/profile/
[06/Jul/2026 09:11:03] "GET /api/students/undefined/profile/ HTTP/1.1" 404 23
[06/Jul/2026 09:11:08] "GET /api/students/?page=1 HTTP/1.1" 200 302
[06/Jul/2026 09:11:08] "GET /api/students/?page=1 HTTP/1.1" 200 302
[06/Jul/2026 09:11:13] "GET /api/students/?page=1&search=j HTTP/1.1" 200 302
[06/Jul/2026 09:11:13] "GET /api/students/?page=1&search=ja HTTP/1.1" 200 302
[06/Jul/2026 09:11:13] "GET /api/students/?page=1&search=jai HTTP/1.1" 200 302
Not Found: /api/students/dashboard/
[06/Jul/2026 09:11:17] "GET /api/students/dashboard/ HTTP/1.1" 404 23
Not Found: /api/students/dashboard/
[06/Jul/2026 09:11:17] "GET /api/students/dashboard/ HTTP/1.1" 404 23
[06/Jul/2026 09:11:48] "GET /api/students/?page=1 HTTP/1.1" 200 302
[06/Jul/2026 09:11:48] "GET /api/students/?page=1 HTTP/1.1" 200 302
[06/Jul/2026 09:11:56] "GET /api/students/?page=1&department=Computer+Science HTTP/1.1" 200 302
[06/Jul/2026 09:12:08] "GET /api/students/?page=1 HTTP/1.1" 200 302
[06/Jul/2026 09:12:08] "GET /api/students/?page=1 HTTP/1.1" 200 302
[06/Jul/2026 09:12:19] "GET /api/students/?page=1 HTTP/1.1" 200 302
[06/Jul/2026 09:12:19] "GET /api/students/?page=1 HTTP/1.1" 200 302
Not Found: /api/students/dashboard/
[06/Jul/2026 09:12:21] "GET /api/students/dashboard/ HTTP/1.1" 404 23
Not Found: /api/students/dashboard/
[06/Jul/2026 09:12:21] "GET /api/students/dashboard/ HTTP/1.1" 404 23
Not Found: /api/students/dashboard/
[06/Jul/2026 09:12:24] "GET /api/students/dashboard/ HTTP/1.1" 404 23
Not Found: /api/students/dashboard/
[06/Jul/2026 09:12:24] "GET /api/students/dashboard/ HTTP/1.1" 404 23
[06/Jul/2026 09:12:27] "GET /api/students/?page=1 HTTP/1.1" 200 302
[06/Jul/2026 09:12:27] "GET /api/students/?page=1 HTTP/1.1" 200 302
Bad Request: /api/students/
[06/Jul/2026 09:13:05] "POST /api/students/ HTTP/1.1" 400 64
[06/Jul/2026 09:13:11] "GET /api/students/?page=1 HTTP/1.1" 200 302
[06/Jul/2026 09:13:11] "GET /api/students/?page=1 HTTP/1.1" 200 302
Not Found: /api/students/dashboard/
[06/Jul/2026 09:13:18] "GET /api/students/dashboard/ HTTP/1.1" 404 23
Not Found: /api/students/dashboard/
[06/Jul/2026 09:13:18] "GET /api/students/dashboard/ HTTP/1.1" 404 23
[06/Jul/2026 09:13:20] "GET /api/students/?page=1 HTTP/1.1" 200 302
[06/Jul/2026 09:13:20] "GET /api/students/?page=1 HTTP/1.1" 200 302
[06/Jul/2026 09:13:27] "GET /api/students/?page=1&search=j HTTP/1.1" 200 302
[06/Jul/2026 09:13:27] "GET /api/students/?page=1&search=ja HTTP/1.1" 200 302
[06/Jul/2026 09:13:27] "GET /api/students/?page=1&search=jai HTTP/1.1" 200 302
[06/Jul/2026 09:13:28] "GET /api/students/?page=1&search=jaik HTTP/1.1" 200 302
[06/Jul/2026 09:13:28] "GET /api/students/?page=1&search=jaiku HTTP/1.1" 200 302
[06/Jul/2026 09:13:29] "GET /api/students/?page=1&search=jaikum HTTP/1.1" 200 302
[06/Jul/2026 09:13:29] "GET /api/students/?page=1&search=jaikuma HTTP/1.1" 200 302
[06/Jul/2026 09:13:30] "GET /api/students/?page=1&search=jaikumar HTTP/1.1" 200 302
Not Found: /api/students/dashboard/
[06/Jul/2026 09:13:45] "GET /api/students/dashboard/ HTTP/1.1" 404 23
Not Found: /api/students/dashboard/
[06/Jul/2026 09:13:45] "GET /api/students/dashboard/ HTTP/1.1" 404 23
C:\Users\Admin.DESKTOP-0IGKQD3\Documents\erp\College-ERP-System1\Backend\students\urls.py changed, reloading.
Performing system checks...

System check identified no issues (0 silenced).
July 06, 2026 - 08:32:05
Django version 6.0.6, using settings 'backend.settings'
Starting development server at http://127.0.0.1:8000/
Quit the server with CTRL-BREAK.

WARNING: This is a development server. Do not use it in a production setting. Use a production WSGI or ASGI server instead.
For more information on production servers see: https://docs.djangoproject.com/en/6.0/howto/deployment/
Watching for file changes with StatReloader
[06/Jul/2026 09:27:29] "GET /api/students/dashboard/ HTTP/1.1" 200 145
[06/Jul/2026 09:27:29] "GET /api/students/dashboard/ HTTP/1.1" 200 145
[06/Jul/2026 09:27:46] "GET /api/students/?page=1 HTTP/1.1" 200 302
[06/Jul/2026 09:27:46] "GET /api/students/?page=1 HTTP/1.1" 200 302
[06/Jul/2026 09:27:50] "GET /api/students/?page=1&search=j HTTP/1.1" 200 302
[06/Jul/2026 09:27:51] "GET /api/students/?page=1&search=ja HTTP/1.1" 200 302
[06/Jul/2026 09:27:51] "GET /api/students/?page=1&search=jai HTTP/1.1" 200 302
[06/Jul/2026 09:27:56] "GET /api/students/?page=1&search=ja HTTP/1.1" 200 302
[06/Jul/2026 09:27:56] "GET /api/students/?page=1&search=j HTTP/1.1" 200 302
[06/Jul/2026 09:27:56] "GET /api/students/?page=1 HTTP/1.1" 200 302
[06/Jul/2026 09:28:00] "GET /api/students/?page=1&department=Computer+Science HTTP/1.1" 200 302
[06/Jul/2026 09:28:09] "GET /api/students/dashboard/ HTTP/1.1" 200 145
[06/Jul/2026 09:28:09] "GET /api/students/dashboard/ HTTP/1.1" 200 145
[06/Jul/2026 09:28:28] "GET /api/students/?page=1 HTTP/1.1" 200 302
[06/Jul/2026 09:28:28] "GET /api/students/?page=1 HTTP/1.1" 200 302
[06/Jul/2026 09:28:36] "GET /api/students/dashboard/ HTTP/1.1" 200 145
[06/Jul/2026 09:28:36] "GET /api/students/dashboard/ HTTP/1.1" 200 145
[06/Jul/2026 09:28:39] "GET /api/students/?page=1 HTTP/1.1" 200 302
[06/Jul/2026 09:28:39] "GET /api/students/?page=1 HTTP/1.1" 200 302
[06/Jul/2026 09:28:41] "GET /api/students/dashboard/ HTTP/1.1" 200 145
[06/Jul/2026 09:28:41] "GET /api/students/dashboard/ HTTP/1.1" 200 145
[06/Jul/2026 09:33:06] "POST /api/students/ HTTP/1.1" 201 577
[06/Jul/2026 09:33:08] "GET /api/students/2/profile/ HTTP/1.1" 200 523
[06/Jul/2026 09:33:08] "GET /api/students/2/profile/ HTTP/1.1" 200 523
[06/Jul/2026 09:37:32] "GET /api/students/2/profile/ HTTP/1.1" 200 523
[06/Jul/2026 09:37:32] "GET /api/students/2/profile/ HTTP/1.1" 200 523
