Watching for file changes with StatReloader
[08/Jul/2026 20:00:33] "GET /api/placement/placement-records/stats/ HTTP/1.1" 200 275
[08/Jul/2026 20:00:43] "GET /api/placement/placement-records/ HTTP/1.1" 200 52
[08/Jul/2026 20:00:43] "GET /api/placement/drives/ HTTP/1.1" 200 2
[08/Jul/2026 20:00:43] "GET /api/placement/drives/dashboard-stats/ HTTP/1.1" 200 154
[08/Jul/2026 20:03:01] "GET /api/placement/placement-records/stats/ HTTP/1.1" 200 1604
[08/Jul/2026 20:03:41] "GET /api/placement/students/ HTTP/1.1" 200 2
[08/Jul/2026 20:03:41] "GET /api/placement/students/ HTTP/1.1" 200 2
[08/Jul/2026 20:03:43] "GET /api/placement/placement-records/?search=&ordering=-created_at&page=1&page_size=10 HTTP/1.1" 200 8462
[08/Jul/2026 20:03:43] "GET /api/placement/placement-records/stats/ HTTP/1.1" 200 1604
[08/Jul/2026 20:03:43] "GET /api/placement/placement-records/?search=&ordering=-created_at&page=1&page_size=10 HTTP/1.1" 200 8462
[08/Jul/2026 20:03:43] "GET /api/placement/placement-records/stats/ HTTP/1.1" 200 1604
[08/Jul/2026 20:03:44] "GET /api/placement/students/ HTTP/1.1" 200 2
[08/Jul/2026 20:03:44] "GET /api/placement/students/ HTTP/1.1" 200 2
[08/Jul/2026 20:03:46] "GET /api/placement/placement-records/?search=&ordering=-created_at&page=1&page_size=10 HTTP/1.1" 200 8462
[08/Jul/2026 20:03:46] "GET /api/placement/placement-records/stats/ HTTP/1.1" 200 1604
[08/Jul/2026 20:03:46] "GET /api/placement/placement-records/?search=&ordering=-created_at&page=1&page_size=10 HTTP/1.1" 200 8462
[08/Jul/2026 20:03:47] "GET /api/placement/placement-records/stats/ HTTP/1.1" 200 1604
[08/Jul/2026 20:04:01] "GET /api/placement/drives/dashboard-stats/ HTTP/1.1" 200 164
[08/Jul/2026 20:04:02] "GET /api/placement/drives/ HTTP/1.1" 200 4694
[08/Jul/2026 20:04:02] "GET /api/placement/drives/dashboard-stats/ HTTP/1.1" 200 164
[08/Jul/2026 20:04:02] "GET /api/placement/drives/ HTTP/1.1" 200 4694
[08/Jul/2026 20:04:10] "GET /api/placement/placement-records/?search=&ordering=-created_at&page=1&page_size=10 HTTP/1.1" 200 8462
[08/Jul/2026 20:04:10] "GET /api/placement/placement-records/?search=&ordering=-created_at&page=1&page_size=10 HTTP/1.1" 200 8462
[08/Jul/2026 20:04:10] "GET /api/placement/placement-records/stats/ HTTP/1.1" 200 1604
[08/Jul/2026 20:04:10] "GET /api/placement/placement-records/stats/ HTTP/1.1" 200 1604
[08/Jul/2026 20:07:36] "GET /api/placement/students/ HTTP/1.1" 200 2
[08/Jul/2026 20:07:36] "GET /api/placement/students/ HTTP/1.1" 200 2
[08/Jul/2026 20:07:49] "GET /api/placement/placement-records/?search=&ordering=-created_at&page=1&page_size=10 HTTP/1.1" 200 8462
[08/Jul/2026 20:07:49] "GET /api/placement/placement-records/?search=&ordering=-created_at&page=1&page_size=10 HTTP/1.1" 200 8462
[08/Jul/2026 20:07:49] "GET /api/placement/placement-records/stats/ HTTP/1.1" 200 1604
[08/Jul/2026 20:07:49] "GET /api/placement/placement-records/stats/ HTTP/1.1" 200 1604
[08/Jul/2026 20:08:26] "GET /api/placement/drives/dashboard-stats/ HTTP/1.1" 200 164
[08/Jul/2026 20:08:26] "GET /api/placement/drives/dashboard-stats/ HTTP/1.1" 200 164
[08/Jul/2026 20:08:26] "GET /api/placement/drives/ HTTP/1.1" 200 4694
[08/Jul/2026 20:08:26] "GET /api/placement/drives/ HTTP/1.1" 200 4694
[08/Jul/2026 20:11:09] "GET /api/placement/placement-records/?search=&ordering=-created_at&page=1&page_size=10 HTTP/1.1" 200 8462
[08/Jul/2026 20:11:09] "GET /api/placement/placement-records/stats/ HTTP/1.1" 200 1604
[08/Jul/2026 20:11:09] "GET /api/placement/placement-records/?search=&ordering=-created_at&page=1&page_size=10 HTTP/1.1" 200 8462
[08/Jul/2026 20:11:09] "GET /api/placement/placement-records/stats/ HTTP/1.1" 200 1604
[08/Jul/2026 20:11:36] "GET /api/placement/placement-records/?search=&ordering=-created_at&page=1&page_size=10 HTTP/1.1" 200 8462
[08/Jul/2026 20:11:36] "GET /api/placement/placement-records/stats/ HTTP/1.1" 200 1604
[08/Jul/2026 20:11:36] "GET /api/placement/placement-records/?search=&ordering=-created_at&page=1&page_size=10 HTTP/1.1" 200 8462
[08/Jul/2026 20:11:36] "GET /api/placement/placement-records/stats/ HTTP/1.1" 200 1604
[08/Jul/2026 20:11:38] "GET /api/placement/placement-records/?search=&ordering=-created_at&page=1&page_size=10 HTTP/1.1" 200 8462
[08/Jul/2026 20:11:38] "GET /api/placement/placement-records/stats/ HTTP/1.1" 200 1604
[08/Jul/2026 20:11:38] "GET /api/placement/placement-records/?search=&ordering=-created_at&page=1&page_size=10 HTTP/1.1" 200 8462
[08/Jul/2026 20:11:39] "GET /api/placement/placement-records/stats/ HTTP/1.1" 200 1604
[08/Jul/2026 20:15:40] "GET /api/placement/students/ HTTP/1.1" 200 2
[08/Jul/2026 20:15:40] "GET /api/placement/students/ HTTP/1.1" 200 2
[08/Jul/2026 20:15:42] "GET /api/placement/placement-records/?search=&ordering=-created_at&page=1&page_size=10 HTTP/1.1" 200 8462
[08/Jul/2026 20:15:42] "GET /api/placement/placement-records/stats/ HTTP/1.1" 200 1604
[08/Jul/2026 20:15:42] "GET /api/placement/placement-records/?search=&ordering=-created_at&page=1&page_size=10 HTTP/1.1" 200 8462
[08/Jul/2026 20:15:42] "GET /api/placement/placement-records/stats/ HTTP/1.1" 200 1604
[08/Jul/2026 20:15:52] "GET /api/placement/drives/dashboard-stats/ HTTP/1.1" 200 164
[08/Jul/2026 20:15:52] "GET /api/placement/drives/ HTTP/1.1" 200 4694
[08/Jul/2026 20:15:52] "GET /api/placement/drives/dashboard-stats/ HTTP/1.1" 200 164
[08/Jul/2026 20:15:52] "GET /api/placement/drives/ HTTP/1.1" 200 4694
[08/Jul/2026 20:15:56] "GET /api/placement/placement-records/?search=&ordering=-created_at&page=1&page_size=10 HTTP/1.1" 200 8462
[08/Jul/2026 20:15:56] "GET /api/placement/placement-records/stats/ HTTP/1.1" 200 1604
[08/Jul/2026 20:15:56] "GET /api/placement/placement-records/?search=&ordering=-created_at&page=1&page_size=10 HTTP/1.1" 200 8462
[08/Jul/2026 20:15:56] "GET /api/placement/placement-records/stats/ HTTP/1.1" 200 1604
[08/Jul/2026 20:15:58] "GET /api/placement/drives/dashboard-stats/ HTTP/1.1" 200 164
[08/Jul/2026 20:15:58] "GET /api/placement/drives/ HTTP/1.1" 200 4694
[08/Jul/2026 20:15:58] "GET /api/placement/drives/dashboard-stats/ HTTP/1.1" 200 164
[08/Jul/2026 20:15:58] "GET /api/placement/drives/ HTTP/1.1" 200 4694
[08/Jul/2026 20:15:59] "GET /api/placement/students/ HTTP/1.1" 200 2
[08/Jul/2026 20:15:59] "GET /api/placement/students/ HTTP/1.1" 200 2
[08/Jul/2026 20:16:01] "GET /api/placement/students/ HTTP/1.1" 200 2
[08/Jul/2026 20:16:01] "GET /api/placement/students/ HTTP/1.1" 200 2
[08/Jul/2026 20:16:01] "GET /api/placement/placement-records/stats/ HTTP/1.1" 200 1604
[08/Jul/2026 20:16:01] "GET /api/placement/placement-records/stats/ HTTP/1.1" 200 1604
[08/Jul/2026 20:16:07] "GET /api/placement/students/ HTTP/1.1" 200 2
[08/Jul/2026 20:16:07] "GET /api/placement/students/ HTTP/1.1" 200 2
[08/Jul/2026 20:16:13] "GET /api/placement/students/ HTTP/1.1" 200 2
[08/Jul/2026 20:16:13] "GET /api/placement/students/ HTTP/1.1" 200 2
[08/Jul/2026 20:16:13] "GET /api/placement/placement-records/stats/ HTTP/1.1" 200 1604
[08/Jul/2026 20:16:13] "GET /api/placement/placement-records/stats/ HTTP/1.1" 200 1604
[08/Jul/2026 20:16:19] "GET /api/placement/students/ HTTP/1.1" 200 2
[08/Jul/2026 20:16:19] "GET /api/placement/students/ HTTP/1.1" 200 2
[08/Jul/2026 20:16:22] "GET /api/placement/placement-records/?search=&ordering=-created_at&page=1&page_size=10 HTTP/1.1" 200 8462
[08/Jul/2026 20:16:22] "GET /api/placement/placement-records/stats/ HTTP/1.1" 200 1604
[08/Jul/2026 20:16:22] "GET /api/placement/placement-records/?search=&ordering=-created_at&page=1&page_size=10 HTTP/1.1" 200 8462
[08/Jul/2026 20:16:22] "GET /api/placement/placement-records/stats/ HTTP/1.1" 200 1604
[08/Jul/2026 20:16:32] "GET /api/placement/drives/dashboard-stats/ HTTP/1.1" 200 164
[08/Jul/2026 20:16:32] "GET /api/placement/drives/ HTTP/1.1" 200 4694
[08/Jul/2026 20:16:32] "GET /api/placement/drives/dashboard-stats/ HTTP/1.1" 200 164
[08/Jul/2026 20:16:32] "GET /api/placement/drives/ HTTP/1.1" 200 4694
Not Found: /api/placements/
[08/Jul/2026 20:20:26] "GET /api/placements/ HTTP/1.1" 404 2717
Not Found: /favicon.ico
[08/Jul/2026 20:20:26] "GET /favicon.ico HTTP/1.1" 404 2705
[08/Jul/2026 20:24:44] "GET /api/placement/ HTTP/1.1" 200 11610
[08/Jul/2026 20:24:45] "GET /static/rest_framework/css/bootstrap-tweaks.css HTTP/1.1" 200 3426
[08/Jul/2026 20:24:45] "GET /static/rest_framework/css/prettify.css HTTP/1.1" 200 817
[08/Jul/2026 20:24:45] "GET /static/rest_framework/js/csrf.js HTTP/1.1" 200 1793
[08/Jul/2026 20:24:45] "GET /static/rest_framework/css/default.css HTTP/1.1" 200 1152
[08/Jul/2026 20:24:45] "GET /static/rest_framework/css/bootstrap.min.css HTTP/1.1" 200 121457
[08/Jul/2026 20:24:45] "GET /static/rest_framework/js/bootstrap.min.js HTTP/1.1" 200 39680
[08/Jul/2026 20:24:45] "GET /static/rest_framework/js/ajax-form.js HTTP/1.1" 200 3796
[08/Jul/2026 20:24:45] "GET /static/rest_framework/js/jquery-3.7.1.min.js HTTP/1.1" 200 87533
[08/Jul/2026 20:24:45] "GET /static/rest_framework/js/prettify-min.js HTTP/1.1" 200 13632
[08/Jul/2026 20:24:45] "GET /static/rest_framework/js/load-ajax-form.js HTTP/1.1" 200 59
[08/Jul/2026 20:24:45] "GET /static/rest_framework/js/default.js HTTP/1.1" 200 1268
[08/Jul/2026 20:24:45] "GET /static/rest_framework/img/grid.png HTTP/1.1" 200 1458
[08/Jul/2026 20:26:56] "GET /api/placement/placement-records/ HTTP/1.1" 200 8420
[08/Jul/2026 20:26:56] "GET /api/placement/placement-records/stats/ HTTP/1.1" 200 1604
[08/Jul/2026 20:26:56] "GET /api/placement/drives/ HTTP/1.1" 200 4694
[08/Jul/2026 20:26:57] "GET /api/placement/drives/dashboard-stats/ HTTP/1.1" 200 164
[08/Jul/2026 20:26:57] "GET /api/placement/students/ HTTP/1.1" 200 2
[08/Jul/2026 20:26:57] "GET /api/placement/companies/ HTTP/1.1" 200 3163
Not Found: /api/placement/records/
[08/Jul/2026 20:26:58] "GET /api/placement/records/ HTTP/1.1" 404 25227
Not Found: /api/placement/records/
[08/Jul/2026 20:27:08] "GET /api/placement/records/ HTTP/1.1" 404 25227
Not Found: /api/placement/stats/report/
[08/Jul/2026 20:27:08] "GET /api/placement/stats/report/ HTTP/1.1" 404 25242
[08/Jul/2026 20:27:09] "GET /api/auth/profile/ HTTP/1.1" 200 78
[08/Jul/2026 20:27:09] "GET /api/placement/jobs/ HTTP/1.1" 200 2
[08/Jul/2026 20:27:09] "GET /api/placement/applications/ HTTP/1.1" 200 2
[08/Jul/2026 20:27:10] "GET /api/placement/interviews/ HTTP/1.1" 200 2
[08/Jul/2026 20:27:10] "GET /api/placement/internships/ HTTP/1.1" 200 2
[08/Jul/2026 20:27:10] "GET /api/placement/resumes/ HTTP/1.1" 200 2
[08/Jul/2026 20:27:11] "GET /api/placement/notifications/ HTTP/1.1" 200 2
[08/Jul/2026 20:27:40] "GET /api/placement/placement-records/ HTTP/1.1" 200 8420
[08/Jul/2026 20:27:40] "GET /api/placement/placement-records/stats/ HTTP/1.1" 200 1604
[08/Jul/2026 20:27:41] "GET /api/placement/drives/ HTTP/1.1" 200 4694
[08/Jul/2026 20:27:41] "GET /api/placement/drives/dashboard-stats/ HTTP/1.1" 200 164
[08/Jul/2026 20:27:41] "GET /api/placement/students/ HTTP/1.1" 200 2
[08/Jul/2026 20:27:42] "GET /api/placement/companies/ HTTP/1.1" 200 3163
[08/Jul/2026 20:27:42] "GET /api/placement/jobs/ HTTP/1.1" 200 2
[08/Jul/2026 20:27:42] "GET /api/placement/applications/ HTTP/1.1" 200 2
[08/Jul/2026 20:27:43] "GET /api/placement/interviews/ HTTP/1.1" 200 2
[08/Jul/2026 20:27:43] "GET /api/placement/internships/ HTTP/1.1" 200 2
[08/Jul/2026 20:27:43] "GET /api/placement/resumes/ HTTP/1.1" 200 2
[08/Jul/2026 20:27:44] "GET /api/placement/notifications/ HTTP/1.1" 200 2
[08/Jul/2026 20:27:44] "GET /api/auth/profile/ HTTP/1.1" 200 78
[08/Jul/2026 20:31:28] "GET /api/placement/students/ HTTP/1.1" 200 2
[08/Jul/2026 20:31:28] "GET /api/placement/placement-records/stats/ HTTP/1.1" 200 1604
[08/Jul/2026 20:31:28] "GET /api/placement/students/ HTTP/1.1" 200 2
[08/Jul/2026 20:31:28] "GET /api/placement/placement-records/stats/ HTTP/1.1" 200 1604
[08/Jul/2026 20:31:29] "GET /api/placement/students/ HTTP/1.1" 200 2
[08/Jul/2026 20:31:29] "GET /api/placement/students/ HTTP/1.1" 200 2
[08/Jul/2026 20:31:32] "GET /api/placement/placement-records/?search=&ordering=-created_at&page=1&page_size=10 HTTP/1.1" 200 8462
[08/Jul/2026 20:31:32] "GET /api/placement/placement-records/?search=&ordering=-created_at&page=1&page_size=10 HTTP/1.1" 200 8462
[08/Jul/2026 20:31:32] "GET /api/placement/placement-records/stats/ HTTP/1.1" 200 1604
[08/Jul/2026 20:31:32] "GET /api/placement/placement-records/stats/ HTTP/1.1" 200 1604
[08/Jul/2026 20:31:38] "GET /api/placement/ HTTP/1.1" 200 11610
[08/Jul/2026 20:31:40] "GET /api/placement/ HTTP/1.1" 200 11610
[08/Jul/2026 20:33:05] "GET /api/placement/students/ HTTP/1.1" 200 2
[08/Jul/2026 20:33:05] "GET /api/placement/students/ HTTP/1.1" 200 2
[08/Jul/2026 20:33:07] "GET /api/placement/students/ HTTP/1.1" 200 2
[08/Jul/2026 20:33:07] "GET /api/placement/students/ HTTP/1.1" 200 2
[08/Jul/2026 20:33:07] "GET /api/placement/placement-records/stats/ HTTP/1.1" 200 1604
[08/Jul/2026 20:33:07] "GET /api/placement/placement-records/stats/ HTTP/1.1" 200 1604
[08/Jul/2026 20:33:08] "GET /api/placement/students/ HTTP/1.1" 200 2
[08/Jul/2026 20:33:08] "GET /api/placement/students/ HTTP/1.1" 200 2
[08/Jul/2026 20:33:09] "GET /api/placement/placement-records/?search=&ordering=-created_at&page=1&page_size=10 HTTP/1.1" 200 8462
[08/Jul/2026 20:33:09] "GET /api/placement/placement-records/stats/ HTTP/1.1" 200 1604
[08/Jul/2026 20:33:09] "GET /api/placement/placement-records/?search=&ordering=-created_at&page=1&page_size=10 HTTP/1.1" 200 8462
[08/Jul/2026 20:33:09] "GET /api/placement/placement-records/stats/ HTTP/1.1" 200 1604
[08/Jul/2026 20:34:15] "GET /api/placement/companies/ HTTP/1.1" 200 3163
[08/Jul/2026 20:34:16] "GET /api/placement/students/ HTTP/1.1" 200 2
[08/Jul/2026 20:34:16] "GET /api/placement/drives/ HTTP/1.1" 200 4694
[08/Jul/2026 20:34:16] "GET /api/placement/jobs/ HTTP/1.1" 200 2
[08/Jul/2026 20:34:17] "GET /api/placement/applications/ HTTP/1.1" 200 2
[08/Jul/2026 20:34:17] "GET /api/placement/interviews/ HTTP/1.1" 200 2
[08/Jul/2026 20:34:17] "GET /api/placement/internships/ HTTP/1.1" 200 2
[08/Jul/2026 20:34:18] "GET /api/placement/resumes/ HTTP/1.1" 200 2
[08/Jul/2026 20:34:18] "GET /api/placement/placement-records/ HTTP/1.1" 200 8420
[08/Jul/2026 20:34:18] "GET /api/placement/placement-records/stats/ HTTP/1.1" 200 1604
[08/Jul/2026 20:34:19] "GET /api/placement/notifications/ HTTP/1.1" 200 2
[08/Jul/2026 20:34:19] "GET /api/placement/drives/dashboard-stats/ HTTP/1.1" 200 164
[08/Jul/2026 20:34:19] "GET /api/auth/profile/ HTTP/1.1" 200 78
[08/Jul/2026 20:34:26] "GET /api/placement/placement-records/stats/ HTTP/1.1" 200 1604
[08/Jul/2026 20:34:35] "GET /api/placement/placement-records/?page=1&page_size=3 HTTP/1.1" 200 2632
[08/Jul/2026 20:34:35] "GET /api/placement/drives/ HTTP/1.1" 200 4694
[08/Jul/2026 20:34:42] "GET /api/placement/drives/dashboard-stats/ HTTP/1.1" 200 164
[08/Jul/2026 20:34:42] "GET /api/placement/companies/ HTTP/1.1" 200 3163
[08/Jul/2026 20:34:50] "POST /api/placement/placement-records/ HTTP/1.1" 201 788
[08/Jul/2026 20:34:57] "PATCH /api/placement/placement-records/26/ HTTP/1.1" 200 794
[08/Jul/2026 20:34:57] "DELETE /api/placement/placement-records/26/ HTTP/1.1" 204 0
[08/Jul/2026 20:35:03] "POST /api/placement/companies/ HTTP/1.1" 201 197
[08/Jul/2026 20:35:11] "PUT /api/placement/companies/15/ HTTP/1.1" 200 215
[08/Jul/2026 20:35:11] "DELETE /api/placement/companies/15/ HTTP/1.1" 204 0
[08/Jul/2026 20:39:06] "GET /api/placement/placement-records/?search=&ordering=-created_at&page=1&page_size=10 HTTP/1.1" 200 8462
[08/Jul/2026 20:39:06] "GET /api/placement/placement-records/stats/ HTTP/1.1" 200 1604
[08/Jul/2026 20:39:06] "GET /api/placement/placement-records/?search=&ordering=-created_at&page=1&page_size=10 HTTP/1.1" 200 8462
[08/Jul/2026 20:39:06] "GET /api/placement/placement-records/stats/ HTTP/1.1" 200 1604
[08/Jul/2026 20:39:08] "GET /api/placement/students/ HTTP/1.1" 200 2
[08/Jul/2026 20:39:08] "GET /api/placement/placement-records/stats/ HTTP/1.1" 200 1604
[08/Jul/2026 20:39:08] "GET /api/placement/students/ HTTP/1.1" 200 2
[08/Jul/2026 20:39:08] "GET /api/placement/placement-records/stats/ HTTP/1.1" 200 1604
[08/Jul/2026 20:39:09] "GET /api/placement/placement-records/?search=&ordering=-created_at&page=1&page_size=10 HTTP/1.1" 200 8462
[08/Jul/2026 20:39:09] "GET /api/placement/placement-records/stats/ HTTP/1.1" 200 1604
[08/Jul/2026 20:39:09] "GET /api/placement/placement-records/?search=&ordering=-created_at&page=1&page_size=10 HTTP/1.1" 200 8462
[08/Jul/2026 20:39:09] "GET /api/placement/placement-records/stats/ HTTP/1.1" 200 1604
[08/Jul/2026 20:39:10] "GET /api/placement/students/ HTTP/1.1" 200 2
[08/Jul/2026 20:39:10] "GET /api/placement/students/ HTTP/1.1" 200 2
[08/Jul/2026 20:39:10] "GET /api/placement/placement-records/stats/ HTTP/1.1" 200 1604
[08/Jul/2026 20:39:10] "GET /api/placement/placement-records/stats/ HTTP/1.1" 200 1604
[08/Jul/2026 20:39:15] "GET /api/placement/placement-records/?search=&ordering=-created_at&page=1&page_size=10 HTTP/1.1" 200 8462
[08/Jul/2026 20:39:15] "GET /api/placement/placement-records/stats/ HTTP/1.1" 200 1604
[08/Jul/2026 20:39:15] "GET /api/placement/placement-records/?search=&ordering=-created_at&page=1&page_size=10 HTTP/1.1" 200 8462
[08/Jul/2026 20:39:15] "GET /api/placement/placement-records/stats/ HTTP/1.1" 200 1604
[08/Jul/2026 20:39:17] "GET /api/placement/students/ HTTP/1.1" 200 2
[08/Jul/2026 20:39:17] "GET /api/placement/students/ HTTP/1.1" 200 2
[08/Jul/2026 20:39:17] "GET /api/placement/placement-records/stats/ HTTP/1.1" 200 1604
[08/Jul/2026 20:39:18] "GET /api/placement/placement-records/stats/ HTTP/1.1" 200 1604
[08/Jul/2026 20:39:19] "GET /api/placement/placement-records/?search=&ordering=-created_at&page=1&page_size=10 HTTP/1.1" 200 8462
[08/Jul/2026 20:39:19] "GET /api/placement/placement-records/stats/ HTTP/1.1" 200 1604
[08/Jul/2026 20:39:19] "GET /api/placement/placement-records/?search=&ordering=-created_at&page=1&page_size=10 HTTP/1.1" 200 8462
[08/Jul/2026 20:39:19] "GET /api/placement/placement-records/stats/ HTTP/1.1" 200 1604
[08/Jul/2026 20:39:21] "GET /api/placement/students/ HTTP/1.1" 200 2
[08/Jul/2026 20:39:21] "GET /api/placement/students/ HTTP/1.1" 200 2
[08/Jul/2026 20:39:21] "GET /api/placement/placement-records/stats/ HTTP/1.1" 200 1604
[08/Jul/2026 20:39:21] "GET /api/placement/placement-records/stats/ HTTP/1.1" 200 1604
[08/Jul/2026 20:39:23] "GET /api/placement/students/ HTTP/1.1" 200 2
[08/Jul/2026 20:39:23] "GET /api/placement/students/ HTTP/1.1" 200 2
[08/Jul/2026 20:39:26] "GET /api/placement/students/ HTTP/1.1" 200 2
[08/Jul/2026 20:39:26] "GET /api/placement/placement-records/stats/ HTTP/1.1" 200 1604
[08/Jul/2026 20:39:26] "GET /api/placement/students/ HTTP/1.1" 200 2
[08/Jul/2026 20:39:26] "GET /api/placement/placement-records/stats/ HTTP/1.1" 200 1604
[08/Jul/2026 20:39:33] "GET /api/placement/ HTTP/1.1" 200 11610
[08/Jul/2026 20:39:35] "GET /api/placement/ HTTP/1.1" 200 11610
[08/Jul/2026 20:39:35] "GET /api/placement/ HTTP/1.1" 200 11610
[08/Jul/2026 20:51:17] "GET /api/placement/placement-records/ HTTP/1.1" 200 47879
[08/Jul/2026 20:51:17] "GET /static/rest_framework/fonts/glyphicons-halflings-regular.woff2 HTTP/1.1" 200 18028
[08/Jul/2026 21:09:05] "GET /api/placement/students/ HTTP/1.1" 200 2
[08/Jul/2026 21:09:05] "GET /api/placement/students/ HTTP/1.1" 200 2
[08/Jul/2026 21:09:07] "GET /api/placement/placement-records/?search=&ordering=-created_at&page=1&page_size=10 HTTP/1.1" 200 8462
[08/Jul/2026 21:09:07] "GET /api/placement/placement-records/stats/ HTTP/1.1" 200 1604
[08/Jul/2026 21:09:07] "GET /api/placement/placement-records/?search=&ordering=-created_at&page=1&page_size=10 HTTP/1.1" 200 8462
[08/Jul/2026 21:09:07] "GET /api/placement/placement-records/stats/ HTTP/1.1" 200 1604
[08/Jul/2026 21:09:10] "GET /api/placement/drives/dashboard-stats/ HTTP/1.1" 200 164
[08/Jul/2026 21:09:10] "GET /api/placement/drives/ HTTP/1.1" 200 4694
[08/Jul/2026 21:09:10] "GET /api/placement/drives/dashboard-stats/ HTTP/1.1" 200 164
[08/Jul/2026 21:09:10] "GET /api/placement/drives/ HTTP/1.1" 200 4694
[08/Jul/2026 21:16:37] "GET /api/placement/placement-records/?search=&ordering=-created_at&page=1&page_size=10 HTTP/1.1" 200 8462
[08/Jul/2026 21:16:37] "GET /api/placement/placement-records/stats/ HTTP/1.1" 200 1604
[08/Jul/2026 21:16:37] "GET /api/placement/placement-records/?search=&ordering=-created_at&page=1&page_size=10 HTTP/1.1" 200 8462
[08/Jul/2026 21:16:37] "GET /api/placement/placement-records/stats/ HTTP/1.1" 200 1604
[08/Jul/2026 21:16:42] "GET /api/placement/students/ HTTP/1.1" 200 2
[08/Jul/2026 21:16:42] "GET /api/placement/students/ HTTP/1.1" 200 2
[08/Jul/2026 21:16:43] "GET /api/placement/students/ HTTP/1.1" 200 2
[08/Jul/2026 21:16:44] "GET /api/placement/students/ HTTP/1.1" 200 2
[08/Jul/2026 21:16:44] "GET /api/placement/placement-records/stats/ HTTP/1.1" 200 1604
[08/Jul/2026 21:16:44] "GET /api/placement/placement-records/stats/ HTTP/1.1" 200 1604
